<?xml version="1.0" encoding="UTF-8"?>
<!-- Generated by org.testng.reporters.JUnitXMLReporter -->
<testsuite ignored="0" hostname="DESKTOP-GSUKVBF" failures="1" tests="12" name="Test" time="101.189" errors="0" timestamp="2022-03-04T12:55:30 EST">
  <testcase classname="AutomationFrameworkProject.ContactUs" name="verifyContactOptions" time="6.477"/>
  <testcase classname="AutomationFrameworkProject.ContactUs" name="verifyReferenceOptions" time="0.766"/>
  <testcase classname="AutomationFrameworkProject.SignIn" name="verifyForgotPassword" time="2.127"/>
  <testcase classname="AutomationFrameworkProject.SignIn" name="verifySignInAndOut" time="15.802"/>
  <testcase classname="AutomationFrameworkProject.HomePage" name="verifyFooterLinks" time="12.961"/>
  <testcase classname="AutomationFrameworkProject.HomePage" name="verifySearchSuggestions" time="5.855"/>
  <testcase classname="AutomationFrameworkProject.HomePage" name="verifySearchSuggestions" time="2.972"/>
  <testcase classname="AutomationFrameworkProject.HomePage" name="verifySearchSuggestions" time="2.639"/>
  <testcase classname="AutomationFrameworkProject.HomePage" name="verifySearchSuggestions" time="2.007">
    <failure type="java.lang.AssertionError" message="Search results failed with term: dress expected [7] but found [5]">
      <![CDATA[java.lang.AssertionError: Search results failed with term: dress expected [7] but found [5]
at AutomationFrameworkProject.HomePage.verifySearchSuggestions(HomePage.java:43)
at java.base/java.util.ArrayList.forEach(ArrayList.java:1511)
... Removed 32 stack frames]]>
    </failure>
  </testcase> <!-- verifySearchSuggestions -->
  <testcase classname="AutomationFrameworkProject.Checkout" name="verifyCartContents" time="33.12"/>
  <testcase classname="AutomationFrameworkProject.Checkout" name="verifyCheckout" time="10.944"/>
  <testcase classname="AutomationFrameworkProject.Checkout" name="verifyOrderPlaced" time="1.325"/>
</testsuite> <!-- Test -->
