<?xml version="1.0" encoding="UTF-8"?>
<!-- Generated by org.testng.reporters.JUnitXMLReporter -->
<testsuite ignored="0" hostname="DESKTOP-GSUKVBF" failures="1" tests="5" name="Validating Homepage" time="49.843" errors="0" timestamp="2022-03-04T13:44:49 EST">
  <testcase classname="AutomationFrameworkProject.HomePage" name="verifyFooterLinks" time="36.562"/>
  <testcase classname="AutomationFrameworkProject.HomePage" name="verifySearchSuggestions" time="2.292"/>
  <testcase classname="AutomationFrameworkProject.HomePage" name="verifySearchSuggestions" time="2.854"/>
  <testcase classname="AutomationFrameworkProject.HomePage" name="verifySearchSuggestions" time="2.259"/>
  <testcase classname="AutomationFrameworkProject.HomePage" name="verifySearchSuggestions" time="3.115">
    <failure type="java.lang.AssertionError" message="Search results failed with term: dress expected [7] but found [5]">
      <![CDATA[java.lang.AssertionError: Search results failed with term: dress expected [7] but found [5]
at AutomationFrameworkProject.HomePage.verifySearchSuggestions(HomePage.java:43)
at java.base/java.util.ArrayList.forEach(ArrayList.java:1541)
at java.base/java.util.concurrent.FutureTask.run(FutureTask.java:264)
at java.base/java.util.concurrent.ThreadPoolExecutor.runWorker(ThreadPoolExecutor.java:1128)
at java.base/java.util.concurrent.ThreadPoolExecutor$Worker.run(ThreadPoolExecutor.java:628)
at java.base/java.lang.Thread.run(Thread.java:834)
... Removed 23 stack frames]]>
    </failure>
  </testcase> <!-- verifySearchSuggestions -->
</testsuite> <!-- Validating Homepage -->
