<?xml version="1.0" encoding="UTF-8"?>
<testng-results ignored="0" total="12" passed="11" failed="1" skipped="0">
  <reporter-output>
  </reporter-output>
  <suite started-at="2022-03-04T13:43:59 EST" name="Suite" finished-at="2022-03-04T13:44:57 EST" duration-ms="58162">
    <groups>
    </groups>
    <test started-at="2022-03-04T13:43:59 EST" name="Validating Contact Us" finished-at="2022-03-04T13:44:23 EST" duration-ms="23872">
      <class name="AutomationFrameworkProject.ContactUs">
        <test-method is-config="true" signature="initialize()[pri:0, instance:AutomationFrameworkProject.ContactUs@485a3466]" started-at="2022-03-04T13:43:59 EST" name="initialize" finished-at="2022-03-04T13:44:01 EST" duration-ms="2138" status="PASS">
          <reporter-output>
          </reporter-output>
        </test-method> <!-- initialize -->
        <test-method signature="verifyContactOptions()[pri:0, instance:AutomationFrameworkProject.ContactUs@485a3466]" started-at="2022-03-04T13:44:01 EST" name="verifyContactOptions" finished-at="2022-03-04T13:44:20 EST" duration-ms="19306" status="PASS">
          <reporter-output>
          </reporter-output>
        </test-method> <!-- verifyContactOptions -->
        <test-method signature="verifyReferenceOptions()[pri:0, instance:AutomationFrameworkProject.ContactUs@485a3466]" started-at="2022-03-04T13:44:20 EST" name="verifyReferenceOptions" finished-at="2022-03-04T13:44:22 EST" depends-on-methods="AutomationFrameworkProject.ContactUs.verifyContactOptions" duration-ms="1818" status="PASS">
          <reporter-output>
          </reporter-output>
        </test-method> <!-- verifyReferenceOptions -->
        <test-method is-config="true" signature="cleanUp()[pri:0, instance:AutomationFrameworkProject.ContactUs@485a3466]" started-at="2022-03-04T13:44:22 EST" name="cleanUp" finished-at="2022-03-04T13:44:22 EST" duration-ms="8" status="PASS">
          <reporter-output>
          </reporter-output>
        </test-method> <!-- cleanUp -->
        <test-method is-config="true" signature="teardown()[pri:0, instance:AutomationFrameworkProject.ContactUs@485a3466]" started-at="2022-03-04T13:44:22 EST" name="teardown" finished-at="2022-03-04T13:44:23 EST" duration-ms="574" status="PASS">
          <reporter-output>
          </reporter-output>
        </test-method> <!-- teardown -->
      </class> <!-- AutomationFrameworkProject.ContactUs -->
    </test> <!-- Validating Contact Us -->
    <test started-at="2022-03-04T13:43:59 EST" name="Validating Sign In" finished-at="2022-03-04T13:44:36 EST" duration-ms="36629">
      <class name="AutomationFrameworkProject.SignIn">
        <test-method is-config="true" signature="initialize()[pri:0, instance:AutomationFrameworkProject.SignIn@4d098f9b]" started-at="2022-03-04T13:43:59 EST" name="initialize" finished-at="2022-03-04T13:44:01 EST" duration-ms="2138" status="PASS">
          <reporter-output>
          </reporter-output>
        </test-method> <!-- initialize -->
        <test-method signature="verifyForgotPassword()[pri:0, instance:AutomationFrameworkProject.SignIn@4d098f9b]" started-at="2022-03-04T13:44:01 EST" name="verifyForgotPassword" finished-at="2022-03-04T13:44:10 EST" duration-ms="9173" status="PASS">
          <reporter-output>
          </reporter-output>
        </test-method> <!-- verifyForgotPassword -->
        <test-method signature="verifySignInAndOut()[pri:0, instance:AutomationFrameworkProject.SignIn@4d098f9b]" started-at="2022-03-04T13:44:10 EST" name="verifySignInAndOut" finished-at="2022-03-04T13:44:35 EST" duration-ms="24714" status="PASS">
          <reporter-output>
          </reporter-output>
        </test-method> <!-- verifySignInAndOut -->
        <test-method is-config="true" signature="cleanUp()[pri:0, instance:AutomationFrameworkProject.SignIn@4d098f9b]" started-at="2022-03-04T13:44:35 EST" name="cleanUp" finished-at="2022-03-04T13:44:35 EST" duration-ms="8" status="PASS">
          <reporter-output>
          </reporter-output>
        </test-method> <!-- cleanUp -->
        <test-method is-config="true" signature="teardown()[pri:0, instance:AutomationFrameworkProject.SignIn@4d098f9b]" started-at="2022-03-04T13:44:35 EST" name="teardown" finished-at="2022-03-04T13:44:36 EST" duration-ms="569" status="PASS">
          <reporter-output>
          </reporter-output>
        </test-method> <!-- teardown -->
      </class> <!-- AutomationFrameworkProject.SignIn -->
    </test> <!-- Validating Sign In -->
    <test started-at="2022-03-04T13:43:59 EST" name="Validating Homepage" finished-at="2022-03-04T13:44:49 EST" duration-ms="49843">
      <class name="AutomationFrameworkProject.HomePage">
        <test-method is-config="true" signature="initialize()[pri:0, instance:AutomationFrameworkProject.HomePage@6f603e89]" started-at="2022-03-04T13:43:59 EST" name="initialize" finished-at="2022-03-04T13:44:01 EST" duration-ms="2138" status="PASS">
          <reporter-output>
          </reporter-output>
        </test-method> <!-- initialize -->
        <test-method signature="verifyFooterLinks()[pri:0, instance:AutomationFrameworkProject.HomePage@6f603e89]" started-at="2022-03-04T13:44:01 EST" name="verifyFooterLinks" finished-at="2022-03-04T13:44:38 EST" duration-ms="36562" status="PASS">
          <reporter-output>
          </reporter-output>
        </test-method> <!-- verifyFooterLinks -->
        <test-method signature="verifySearchSuggestions(java.lang.String)[pri:0, instance:AutomationFrameworkProject.HomePage@6f603e89]" started-at="2022-03-04T13:44:38 EST" name="verifySearchSuggestions" data-provider="getData" finished-at="2022-03-04T13:44:40 EST" duration-ms="2292" status="PASS">
          <params>
            <param index="0">
              <value>
                <![CDATA[printed]]>
              </value>
            </param>
          </params>
          <reporter-output>
          </reporter-output>
        </test-method> <!-- verifySearchSuggestions -->
        <test-method signature="verifySearchSuggestions(java.lang.String)[pri:0, instance:AutomationFrameworkProject.HomePage@6f603e89]" started-at="2022-03-04T13:44:40 EST" name="verifySearchSuggestions" data-provider="getData" finished-at="2022-03-04T13:44:43 EST" duration-ms="2854" status="PASS">
          <params>
            <param index="0">
              <value>
                <![CDATA[shirt]]>
              </value>
            </param>
          </params>
          <reporter-output>
          </reporter-output>
        </test-method> <!-- verifySearchSuggestions -->
        <test-method signature="verifySearchSuggestions(java.lang.String)[pri:0, instance:AutomationFrameworkProject.HomePage@6f603e89]" started-at="2022-03-04T13:44:43 EST" name="verifySearchSuggestions" data-provider="getData" finished-at="2022-03-04T13:44:45 EST" duration-ms="2259" status="PASS">
          <params>
            <param index="0">
              <value>
                <![CDATA[blouse]]>
              </value>
            </param>
          </params>
          <reporter-output>
          </reporter-output>
        </test-method> <!-- verifySearchSuggestions -->
        <test-method signature="verifySearchSuggestions(java.lang.String)[pri:0, instance:AutomationFrameworkProject.HomePage@6f603e89]" started-at="2022-03-04T13:44:45 EST" name="verifySearchSuggestions" data-provider="getData" finished-at="2022-03-04T13:44:48 EST" duration-ms="3115" status="FAIL">
          <params>
            <param index="0">
              <value>
                <![CDATA[dress]]>
              </value>
            </param>
          </params>
          <exception class="java.lang.AssertionError">
            <message>
              <![CDATA[Search results failed with term: dress expected [7] but found [5]]]>
            </message>
            <full-stacktrace>
              <![CDATA[java.lang.AssertionError: Search results failed with term: dress expected [7] but found [5]
at org.testng.Assert.fail(Assert.java:110)
at org.testng.Assert.failNotEquals(Assert.java:1413)
at org.testng.Assert.assertEqualsImpl(Assert.java:149)
at org.testng.Assert.assertEquals(Assert.java:131)
at org.testng.Assert.assertEquals(Assert.java:1240)
at AutomationFrameworkProject.HomePage.verifySearchSuggestions(HomePage.java:43)
at java.base/jdk.internal.reflect.NativeMethodAccessorImpl.invoke0(Native Method)
at java.base/jdk.internal.reflect.NativeMethodAccessorImpl.invoke(NativeMethodAccessorImpl.java:62)
at java.base/jdk.internal.reflect.DelegatingMethodAccessorImpl.invoke(DelegatingMethodAccessorImpl.java:43)
at java.base/java.lang.reflect.Method.invoke(Method.java:566)
at org.testng.internal.invokers.MethodInvocationHelper.invokeMethod(MethodInvocationHelper.java:135)
at org.testng.internal.invokers.TestInvoker.invokeMethod(TestInvoker.java:673)
at org.testng.internal.invokers.TestInvoker.invokeTestMethod(TestInvoker.java:220)
at org.testng.internal.invokers.MethodRunner.runInSequence(MethodRunner.java:50)
at org.testng.internal.invokers.TestInvoker$MethodInvocationAgent.invoke(TestInvoker.java:945)
at org.testng.internal.invokers.TestInvoker.invokeTestMethods(TestInvoker.java:193)
at org.testng.internal.invokers.TestMethodWorker.invokeTestMethods(TestMethodWorker.java:146)
at org.testng.internal.invokers.TestMethodWorker.run(TestMethodWorker.java:128)
at java.base/java.util.ArrayList.forEach(ArrayList.java:1541)
at org.testng.TestRunner.privateRun(TestRunner.java:808)
at org.testng.TestRunner.run(TestRunner.java:603)
at org.testng.SuiteRunner.runTest(SuiteRunner.java:429)
at org.testng.SuiteRunner.access$000(SuiteRunner.java:32)
at org.testng.SuiteRunner$SuiteWorker.run(SuiteRunner.java:467)
at org.testng.internal.thread.ThreadUtil.lambda$execute$0(ThreadUtil.java:58)
at java.base/java.util.concurrent.FutureTask.run(FutureTask.java:264)
at java.base/java.util.concurrent.ThreadPoolExecutor.runWorker(ThreadPoolExecutor.java:1128)
at java.base/java.util.concurrent.ThreadPoolExecutor$Worker.run(ThreadPoolExecutor.java:628)
at java.base/java.lang.Thread.run(Thread.java:834)
]]>
            </full-stacktrace>
          </exception> <!-- java.lang.AssertionError -->
          <reporter-output>
          </reporter-output>
        </test-method> <!-- verifySearchSuggestions -->
        <test-method is-config="true" signature="cleanUp()[pri:0, instance:AutomationFrameworkProject.HomePage@6f603e89]" started-at="2022-03-04T13:44:48 EST" name="cleanUp" finished-at="2022-03-04T13:44:48 EST" duration-ms="19" status="PASS">
          <reporter-output>
          </reporter-output>
        </test-method> <!-- cleanUp -->
        <test-method is-config="true" signature="teardown()[pri:0, instance:AutomationFrameworkProject.HomePage@6f603e89]" started-at="2022-03-04T13:44:48 EST" name="teardown" finished-at="2022-03-04T13:44:49 EST" duration-ms="576" status="PASS">
          <reporter-output>
          </reporter-output>
        </test-method> <!-- teardown -->
      </class> <!-- AutomationFrameworkProject.HomePage -->
    </test> <!-- Validating Homepage -->
    <test started-at="2022-03-04T13:43:59 EST" name="Validating Checkout" finished-at="2022-03-04T13:44:57 EST" duration-ms="58162">
      <class name="AutomationFrameworkProject.Checkout">
        <test-method is-config="true" signature="initialize()[pri:0, instance:AutomationFrameworkProject.Checkout@470a696f]" started-at="2022-03-04T13:43:59 EST" name="initialize" finished-at="2022-03-04T13:44:01 EST" duration-ms="2139" status="PASS">
          <reporter-output>
          </reporter-output>
        </test-method> <!-- initialize -->
        <test-method signature="verifyCartContents()[pri:0, instance:AutomationFrameworkProject.Checkout@470a696f]" started-at="2022-03-04T13:44:01 EST" name="verifyCartContents" finished-at="2022-03-04T13:44:44 EST" duration-ms="42826" status="PASS">
          <reporter-output>
          </reporter-output>
        </test-method> <!-- verifyCartContents -->
        <test-method signature="verifyCheckout()[pri:0, instance:AutomationFrameworkProject.Checkout@470a696f]" started-at="2022-03-04T13:44:44 EST" name="verifyCheckout" finished-at="2022-03-04T13:44:55 EST" depends-on-methods="AutomationFrameworkProject.Checkout.verifyCartContents" duration-ms="11283" status="PASS">
          <reporter-output>
          </reporter-output>
        </test-method> <!-- verifyCheckout -->
        <test-method signature="verifyOrderPlaced()[pri:0, instance:AutomationFrameworkProject.Checkout@470a696f]" started-at="2022-03-04T13:44:55 EST" name="verifyOrderPlaced" finished-at="2022-03-04T13:44:56 EST" depends-on-methods="AutomationFrameworkProject.Checkout.verifyCheckout" duration-ms="1301" status="PASS">
          <reporter-output>
          </reporter-output>
        </test-method> <!-- verifyOrderPlaced -->
        <test-method is-config="true" signature="cleanUp()[pri:0, instance:AutomationFrameworkProject.Checkout@470a696f]" started-at="2022-03-04T13:44:56 EST" name="cleanUp" finished-at="2022-03-04T13:44:56 EST" duration-ms="12" status="PASS">
          <reporter-output>
          </reporter-output>
        </test-method> <!-- cleanUp -->
        <test-method is-config="true" signature="teardown()[pri:0, instance:AutomationFrameworkProject.Checkout@470a696f]" started-at="2022-03-04T13:44:56 EST" name="teardown" finished-at="2022-03-04T13:44:57 EST" duration-ms="577" status="PASS">
          <reporter-output>
          </reporter-output>
        </test-method> <!-- teardown -->
      </class> <!-- AutomationFrameworkProject.Checkout -->
    </test> <!-- Validating Checkout -->
  </suite> <!-- Suite -->
</testng-results>
